<?xml version="1.0" encoding="UTF-8"?>
<!-- Generated by org.testng.reporters.JUnitXMLReporter -->
<testsuite ignored="0" hostname="DESKTOP-J9ARUUF" failures="0" tests="2" name="Amazon Search Engine" time="7.429" errors="0" timestamp="2021-04-30T13:16:56 IST">
  <testcase classname="com.qa.testscripts.TC_RediffCreateAccount_02" name="CreateAccount" time="1.608"/>
  <testcase classname="com.qa.testscripts.TC_RediffCreateAccount_02" name="checkNoOfElements" time="0.313"/>
</testsuite> <!-- Amazon Search Engine -->
