<?xml version="1.0" encoding="UTF-8"?>
<!-- Generated by org.testng.reporters.JUnitXMLReporter -->
<testsuite ignored="0" hostname="DESKTOP-J9ARUUF" failures="0" tests="4" name="Google Search Engine" time="44.392" errors="0" timestamp="2021-04-28T16:34:27 IST">
  <testcase classname="com.qa.testscripts.TC_GoogleScript_04" name="searchItem" time="6.497"/>
  <testcase classname="com.qa.testscripts.TC_GoogleScript_04" name="searchItem" time="4.902"/>
  <testcase classname="com.qa.testscripts.TC_GoogleScript_04" name="searchItem" time="4.954"/>
  <testcase classname="com.qa.testscripts.TC_GoogleScript_04" name="searchItem" time="4.568"/>
</testsuite> <!-- Google Search Engine -->
